Unknown command: '0.0.0.0:8000'
Type 'manage.py help' for usage.
[17/Jun/2017 13:24:20] "GET / HTTP/1.1" 302 0
[17/Jun/2017 13:24:21] "GET /view_videos/ HTTP/1.1" 200 15197
[17/Jun/2017 13:24:22] "GET /query_images/ HTTP/1.1" 200 6544
Not Found: /favicon.ico
[17/Jun/2017 13:24:23] "GET /favicon.ico HTTP/1.1" 404 3451
[17/Jun/2017 13:24:25] "GET /view_images/?id=10200 HTTP/1.1" 200 6853
[17/Jun/2017 13:24:38] "GET /view_images/?id=16182 HTTP/1.1" 200 4310
[17/Jun/2017 13:45:13] "GET /view_images?id=10208 HTTP/1.1" 301 0
[17/Jun/2017 13:45:16] "GET /view_images/?id=10208 HTTP/1.1" 200 15755
[17/Jun/2017 13:53:48] "GET /view_images/?id=3116 HTTP/1.1" 200 57
[17/Jun/2017 13:53:51] "GET /view_images/?id=3117 HTTP/1.1" 200 6399
[17/Jun/2017 13:53:54] "GET /view_images?id=3115 HTTP/1.1" 301 0
[17/Jun/2017 13:53:54] "GET /view_images/?id=3115 HTTP/1.1" 200 6917
[17/Jun/2017 13:54:12] "GET /query_images/?query=%25 HTTP/1.1" 200 7362
[17/Jun/2017 13:54:23] "GET /view_images?id=16180 HTTP/1.1" 301 0
[17/Jun/2017 13:54:23] "GET /view_images/?id=16180 HTTP/1.1" 200 4053
[17/Jun/2017 13:56:32] "GET /view_images/?id=16180 HTTP/1.1" 200 57
[17/Jun/2017 14:47:33] "GET /view_images?id=16193 HTTP/1.1" 301 0
[17/Jun/2017 14:47:34] "GET /view_images/?id=16193 HTTP/1.1" 200 7524
[17/Jun/2017 14:47:39] "GET /view_images?id=16192 HTTP/1.1" 301 0
[17/Jun/2017 14:47:39] "GET /view_images/?id=16192 HTTP/1.1" 200 8357
[17/Jun/2017 14:47:40] "GET /view_images?id=16191 HTTP/1.1" 301 0
[17/Jun/2017 14:47:40] "GET /view_images/?id=16191 HTTP/1.1" 200 6987
[17/Jun/2017 14:47:41] "GET /view_images?id=16190 HTTP/1.1" 301 0
[17/Jun/2017 14:47:41] "GET /view_images/?id=16190 HTTP/1.1" 200 34
[17/Jun/2017 14:47:46] "GET /view_images/?id=16190 HTTP/1.1" 200 34
[17/Jun/2017 14:47:50] "GET /query_images/?query=%25 HTTP/1.1" 200 7199
[17/Jun/2017 14:47:52] "GET /view_images?id=16337 HTTP/1.1" 301 0
[17/Jun/2017 14:47:52] "GET /view_images/?id=16337 HTTP/1.1" 200 8605
[17/Jun/2017 14:48:01] "GET /view_images?id=16336 HTTP/1.1" 301 0
[17/Jun/2017 14:48:01] "GET /view_images/?id=16336 HTTP/1.1" 200 3805
[17/Jun/2017 14:48:02] "GET /view_images?id=16335 HTTP/1.1" 301 0
[17/Jun/2017 14:48:02] "GET /view_images/?id=16335 HTTP/1.1" 200 3635
[17/Jun/2017 14:48:03] "GET /view_images?id=16334 HTTP/1.1" 301 0
[17/Jun/2017 14:48:03] "GET /view_images/?id=16334 HTTP/1.1" 200 3659
[17/Jun/2017 14:48:05] "GET /view_images?id=16333 HTTP/1.1" 301 0
[17/Jun/2017 14:48:05] "GET /view_images/?id=16333 HTTP/1.1" 200 6628
[17/Jun/2017 14:49:27] "GET /random_images HTTP/1.1" 301 0
[17/Jun/2017 14:49:27] "GET /random_images/ HTTP/1.1" 200 6315
[17/Jun/2017 14:49:31] "GET /view_images?id=16313 HTTP/1.1" 301 0
[17/Jun/2017 14:49:31] "GET /view_images/?id=16313 HTTP/1.1" 200 3693
[17/Jun/2017 14:49:34] "GET /view_images?id=16312 HTTP/1.1" 301 0
[17/Jun/2017 14:49:34] "GET /view_images/?id=16312 HTTP/1.1" 200 3659
[17/Jun/2017 14:49:35] "GET /view_images?id=16311 HTTP/1.1" 301 0
[17/Jun/2017 14:49:35] "GET /view_images/?id=16311 HTTP/1.1" 200 3879
[17/Jun/2017 14:49:35] "GET /view_images?id=16310 HTTP/1.1" 301 0
[17/Jun/2017 14:49:35] "GET /view_images/?id=16310 HTTP/1.1" 200 6837
[17/Jun/2017 14:49:42] "GET /view_images?id=16309 HTTP/1.1" 301 0
[17/Jun/2017 14:49:42] "GET /view_images/?id=16309 HTTP/1.1" 200 7068
[17/Jun/2017 14:49:43] "GET /view_images?id=16304 HTTP/1.1" 301 0
[17/Jun/2017 14:49:43] "GET /view_images/?id=16304 HTTP/1.1" 200 4727
[17/Jun/2017 14:49:52] "GET /query_images/?query=%E7%86%9F HTTP/1.1" 200 6854
[17/Jun/2017 14:49:54] "GET /view_images?id=16215 HTTP/1.1" 301 0
[17/Jun/2017 14:49:54] "GET /view_images/?id=16215 HTTP/1.1" 200 8047
[17/Jun/2017 14:50:36] "GET /view_images?id=16214 HTTP/1.1" 301 0
[17/Jun/2017 14:50:36] "GET /view_images/?id=16214 HTTP/1.1" 200 7425
[17/Jun/2017 14:50:46] "GET /view_images/?id=16215 HTTP/1.1" 200 8047
[17/Jun/2017 14:50:48] "GET /view_images/?id=16214 HTTP/1.1" 200 7425
[17/Jun/2017 14:50:49] "GET /view_images?id=16213 HTTP/1.1" 301 0
[17/Jun/2017 14:50:49] "GET /view_images/?id=16213 HTTP/1.1" 200 7235
[17/Jun/2017 14:50:51] "GET /view_images?id=16212 HTTP/1.1" 301 0
[17/Jun/2017 14:50:51] "GET /view_images/?id=16212 HTTP/1.1" 200 7809
[17/Jun/2017 14:50:53] "GET /view_images?id=16211 HTTP/1.1" 301 0
[17/Jun/2017 14:50:53] "GET /view_images/?id=16211 HTTP/1.1" 200 8687
[17/Jun/2017 14:50:54] "GET /view_images?id=16210 HTTP/1.1" 301 0
[17/Jun/2017 14:50:54] "GET /view_images/?id=16210 HTTP/1.1" 200 10925
[17/Jun/2017 14:50:56] "GET /view_images?id=16209 HTTP/1.1" 301 0
[17/Jun/2017 14:50:56] "GET /view_images/?id=16209 HTTP/1.1" 200 7673
[17/Jun/2017 14:50:59] "GET /view_images?id=16208 HTTP/1.1" 301 0
[17/Jun/2017 14:50:59] "GET /view_images/?id=16208 HTTP/1.1" 200 11657
[17/Jun/2017 16:11:39] "GET / HTTP/1.1" 302 0
[17/Jun/2017 16:11:39] "GET /view_videos/ HTTP/1.1" 200 15197
[17/Jun/2017 16:11:40] "GET /query_images/ HTTP/1.1" 200 6544
Not Found: /favicon.ico
[17/Jun/2017 16:11:41] "GET /favicon.ico HTTP/1.1" 404 3451
[17/Jun/2017 16:12:00] "GET /view_images?id=11175 HTTP/1.1" 301 0
[17/Jun/2017 16:12:00] "GET /view_images/?id=11175 HTTP/1.1" 200 7795
[17/Jun/2017 16:12:03] "GET /query_images/?query= HTTP/1.1" 200 7534
[17/Jun/2017 16:12:04] "GET /view_images?id=16355 HTTP/1.1" 301 0
[17/Jun/2017 16:12:05] "GET /view_images/?id=16355 HTTP/1.1" 200 5565
[17/Jun/2017 16:33:14] "GET /view_images/?id=16355 HTTP/1.1" 200 5565
[17/Jun/2017 16:33:16] "GET /view_images?id=16349 HTTP/1.1" 301 0
[17/Jun/2017 16:33:16] "GET /view_images/?id=16349 HTTP/1.1" 200 8285
[17/Jun/2017 16:33:18] "GET /view_images?id=16345 HTTP/1.1" 301 0
[17/Jun/2017 16:33:18] "GET /view_images/?id=16345 HTTP/1.1" 200 8221
[17/Jun/2017 16:33:19] "GET /view_images?id=16343 HTTP/1.1" 301 0
[17/Jun/2017 16:33:19] "GET /view_images/?id=16343 HTTP/1.1" 200 5464
[17/Jun/2017 16:33:20] "GET /view_images/?id=16337 HTTP/1.1" 200 8417
[17/Jun/2017 16:33:21] "GET /view_images/?id=16333 HTTP/1.1" 200 6798
[17/Jun/2017 16:33:22] "GET /view_images?id=16332 HTTP/1.1" 301 0
[17/Jun/2017 16:33:22] "GET /view_images/?id=16332 HTTP/1.1" 200 4749
[17/Jun/2017 16:33:27] "GET /view_images?id=16248 HTTP/1.1" 301 0
[17/Jun/2017 16:33:27] "GET /view_images/?id=16248 HTTP/1.1" 200 4563
[17/Jun/2017 16:33:32] "GET /view_images?id=16242 HTTP/1.1" 301 0
[17/Jun/2017 16:33:32] "GET /view_images/?id=16242 HTTP/1.1" 200 4993
[17/Jun/2017 16:33:54] "GET /query_images/?query=%E7%99%BD%E8%99%8E+%E6%97%A0%E6%AF%9B HTTP/1.1" 200 7164
[17/Jun/2017 16:33:57] "GET /view_images?id=15922 HTTP/1.1" 301 0
[17/Jun/2017 16:33:57] "GET /view_images/?id=15922 HTTP/1.1" 200 7215
[17/Jun/2017 16:34:09] "GET /view_images?id=15703 HTTP/1.1" 301 0
[17/Jun/2017 16:34:10] "GET /view_images/?id=15703 HTTP/1.1" 200 6281
[17/Jun/2017 16:34:20] "GET /view_images?id=15519 HTTP/1.1" 301 0
[17/Jun/2017 16:34:20] "GET /view_images/?id=15519 HTTP/1.1" 200 7503
[17/Jun/2017 16:34:32] "GET /view_images?id=13893 HTTP/1.1" 301 0
[17/Jun/2017 16:34:32] "GET /view_images/?id=13893 HTTP/1.1" 200 7463
[17/Jun/2017 16:34:37] "GET /view_images?id=15108 HTTP/1.1" 301 0
[17/Jun/2017 16:34:37] "GET /view_images/?id=15108 HTTP/1.1" 200 6855
[17/Jun/2017 16:47:00] "GET /query_images/?query=%E7%99%BD%E8%99%8E+%E6%97%A0%E6%AF%9B HTTP/1.1" 200 7026
[17/Jun/2017 16:47:04] "GET /query_images/?query=% HTTP/1.1" 200 7578
[17/Jun/2017 16:47:07] "GET /view_images/?id=16310 HTTP/1.1" 200 6715
[17/Jun/2017 16:47:10] "GET /delete_images?id=16310 HTTP/1.1" 301 0
[17/Jun/2017 16:47:11] "GET /delete_images/?id=16310 HTTP/1.1" 200 7
[17/Jun/2017 16:47:12] "GET /view_images/?id=16310 HTTP/1.1" 200 57
[17/Jun/2017 16:47:16] "GET /view_images?id=16286 HTTP/1.1" 301 0
[17/Jun/2017 16:47:16] "GET /view_images/?id=16286 HTTP/1.1" 200 7377
[17/Jun/2017 16:47:20] "GET /query_images/?query=% HTTP/1.1" 200 7510
[17/Jun/2017 16:47:22] "GET /view_images?id=16252 HTTP/1.1" 301 0
[17/Jun/2017 16:47:22] "GET /view_images/?id=16252 HTTP/1.1" 200 6260
[17/Jun/2017 16:47:23] "GET /view_images/?id=16286 HTTP/1.1" 200 7377
[17/Jun/2017 16:47:25] "GET /view_images/?id=16252 HTTP/1.1" 200 6260
[17/Jun/2017 16:47:25] "GET /view_images?id=16222 HTTP/1.1" 301 0
[17/Jun/2017 16:47:26] "GET /view_images/?id=16222 HTTP/1.1" 200 7989
[17/Jun/2017 16:47:27] "GET /view_images?id=16220 HTTP/1.1" 301 0
[17/Jun/2017 16:47:27] "GET /view_images/?id=16220 HTTP/1.1" 200 8619
[17/Jun/2017 16:47:28] "GET /view_images?id=16219 HTTP/1.1" 301 0
[17/Jun/2017 16:47:28] "GET /view_images/?id=16219 HTTP/1.1" 200 10745
[17/Jun/2017 16:47:29] "GET /view_images?id=16218 HTTP/1.1" 301 0
[17/Jun/2017 16:47:29] "GET /view_images/?id=16218 HTTP/1.1" 200 18983
[17/Jun/2017 16:47:30] "GET /view_images?id=16217 HTTP/1.1" 301 0
[17/Jun/2017 16:47:30] "GET /view_images/?id=16217 HTTP/1.1" 200 7609
[17/Jun/2017 16:47:31] "GET /view_images?id=16216 HTTP/1.1" 301 0
[17/Jun/2017 16:47:31] "GET /view_images/?id=16216 HTTP/1.1" 200 7561
[17/Jun/2017 16:47:32] "GET /view_images/?id=16215 HTTP/1.1" 200 8047
[17/Jun/2017 16:48:46] "GET /view_images/?id=16215 HTTP/1.1" 200 8047
[17/Jun/2017 16:50:52] "GET /view_images/?id=16218 HTTP/1.1" 200 18983
[17/Jun/2017 17:28:14] "GET /query_images/?query=%E9%9C%B2%E8%84%B8 HTTP/1.1" 200 7080
[17/Jun/2017 17:28:15] "GET /view_images?id=16203 HTTP/1.1" 301 0
[17/Jun/2017 17:28:15] "GET /view_images/?id=16203 HTTP/1.1" 200 9587
[17/Jun/2017 17:28:40] "GET /view_images?id=16202 HTTP/1.1" 301 0
[17/Jun/2017 17:28:40] "GET /view_images/?id=16202 HTTP/1.1" 200 7285
[17/Jun/2017 17:28:53] "GET /view_images?id=16201 HTTP/1.1" 301 0
[17/Jun/2017 17:28:53] "GET /view_images/?id=16201 HTTP/1.1" 200 9097
[17/Jun/2017 17:28:57] "GET /view_images?id=16200 HTTP/1.1" 301 0
[17/Jun/2017 17:28:57] "GET /view_images/?id=16200 HTTP/1.1" 200 7365
[17/Jun/2017 17:29:01] "GET /view_images?id=16199 HTTP/1.1" 301 0
[17/Jun/2017 17:29:01] "GET /view_images/?id=16199 HTTP/1.1" 200 13145
[17/Jun/2017 18:04:34] "GET /view_images/?id=13806 HTTP/1.1" 200 5955
[17/Jun/2017 18:04:41] "GET /view_images/?id=13895 HTTP/1.1" 200 7441
[17/Jun/2017 18:15:22] "GET /view_videos/ HTTP/1.1" 200 15197
Not Found: /apple-touch-icon-120x120-precomposed.png
[17/Jun/2017 18:15:23] "GET /apple-touch-icon-120x120-precomposed.png HTTP/1.1" 404 3538
Not Found: /apple-touch-icon-120x120.png
[17/Jun/2017 18:15:23] "GET /apple-touch-icon-120x120.png HTTP/1.1" 404 3502
Not Found: /apple-touch-icon.png
[17/Jun/2017 18:15:23] "GET /apple-touch-icon.png HTTP/1.1" 404 3478
Not Found: /apple-touch-icon.png
[17/Jun/2017 18:15:23] "GET /apple-touch-icon.png HTTP/1.1" 404 3478
[17/Jun/2017 18:15:31] "GET /query_images/ HTTP/1.1" 200 6544
[17/Jun/2017 18:15:34] "GET /query_images/?query= HTTP/1.1" 200 7507
[17/Jun/2017 18:15:36] "GET /view_images?id=16286 HTTP/1.1" 301 0
[17/Jun/2017 18:15:36] "GET /view_images/?id=16286 HTTP/1.1" 200 7377
[17/Jun/2017 18:15:41] "GET /view_images?id=16252 HTTP/1.1" 301 0
[17/Jun/2017 18:15:41] "GET /view_images/?id=16252 HTTP/1.1" 200 6260
[17/Jun/2017 18:15:48] "GET /view_images?id=16222 HTTP/1.1" 301 0
[17/Jun/2017 18:15:48] "GET /view_images/?id=16222 HTTP/1.1" 200 7989
[17/Jun/2017 18:15:51] "GET /star_image_page/?id=16222 HTTP/1.1" 200 80
[17/Jun/2017 18:15:56] "GET /star_image_page/?id=16222 HTTP/1.1" 200 80
[17/Jun/2017 18:16:12] "GET /view_images/?id=16252 HTTP/1.1" 200 6260
[17/Jun/2017 18:16:15] "GET /view_images?id=16220 HTTP/1.1" 301 0
[17/Jun/2017 18:16:15] "GET /view_images/?id=16220 HTTP/1.1" 200 8619
[17/Jun/2017 18:16:27] "GET /view_images?id=16219 HTTP/1.1" 301 0
[17/Jun/2017 18:16:27] "GET /view_images/?id=16219 HTTP/1.1" 200 10745
[17/Jun/2017 18:16:35] "GET /view_images?id=16213 HTTP/1.1" 301 0
[17/Jun/2017 18:16:35] "GET /view_images/?id=16213 HTTP/1.1" 200 7235
[17/Jun/2017 18:16:50] "GET /view_images?id=16214 HTTP/1.1" 301 0
[17/Jun/2017 18:16:50] "GET /view_images/?id=16214 HTTP/1.1" 200 7425
[17/Jun/2017 18:17:07] "GET /view_images?id=16215 HTTP/1.1" 301 0
[17/Jun/2017 18:17:07] "GET /view_images/?id=16215 HTTP/1.1" 200 8047
[17/Jun/2017 18:17:08] "GET /view_images?id=16216 HTTP/1.1" 301 0
[17/Jun/2017 18:17:08] "GET /view_images/?id=16216 HTTP/1.1" 200 7561
[17/Jun/2017 18:17:10] "GET /view_images?id=16217 HTTP/1.1" 301 0
[17/Jun/2017 18:17:11] "GET /view_images/?id=16217 HTTP/1.1" 200 7609
[17/Jun/2017 18:17:12] "GET /view_images?id=16218 HTTP/1.1" 301 0
[17/Jun/2017 18:17:12] "GET /view_images/?id=16218 HTTP/1.1" 200 18983
[17/Jun/2017 18:17:28] "GET /query_images/?query= HTTP/1.1" 200 7507
[17/Jun/2017 18:17:28] "GET /static/css/bootstrap.min.css HTTP/1.1" 304 0
[17/Jun/2017 18:17:28] "GET /static/js/bootstrap.min.js HTTP/1.1" 304 0
[17/Jun/2017 18:17:28] "GET /static/js/jquery.js HTTP/1.1" 304 0
[17/Jun/2017 18:17:30] "GET /query_images/?query=&pageid=2 HTTP/1.1" 200 7460
[17/Jun/2017 18:17:33] "GET /view_images?id=16197 HTTP/1.1" 301 0
[17/Jun/2017 18:17:33] "GET /view_images/?id=16197 HTTP/1.1" 200 7575
[17/Jun/2017 18:17:46] "GET /view_images?id=16179 HTTP/1.1" 301 0
[17/Jun/2017 18:17:46] "GET /view_images/?id=16179 HTTP/1.1" 200 10979
[17/Jun/2017 18:20:34] "GET /view_images?id=16160 HTTP/1.1" 301 0
[17/Jun/2017 18:20:34] "GET /view_images/?id=16160 HTTP/1.1" 200 6569
[17/Jun/2017 18:20:46] "GET /query_images/?query=&pageid=3 HTTP/1.1" 200 7165
[17/Jun/2017 18:20:48] "GET /view_images?id=16158 HTTP/1.1" 301 0
[17/Jun/2017 18:20:48] "GET /view_images/?id=16158 HTTP/1.1" 200 7589
[17/Jun/2017 18:21:02] "GET /view_images?id=16153 HTTP/1.1" 301 0
[17/Jun/2017 18:21:02] "GET /view_images/?id=16153 HTTP/1.1" 200 6158
[17/Jun/2017 18:21:28] "GET /query_images/?query=&pageid=4 HTTP/1.1" 200 6735
[17/Jun/2017 18:21:33] "GET /view_images?id=16131 HTTP/1.1" 301 0
[17/Jun/2017 18:21:33] "GET /view_images/?id=16131 HTTP/1.1" 200 6661
[17/Jun/2017 18:22:06] "GET /query_images/?query=&pageid=5 HTTP/1.1" 200 6601
[17/Jun/2017 18:22:14] "GET /query_images/?query=&pageid=6 HTTP/1.1" 200 7216
[17/Jun/2017 18:22:26] "GET /query_images/?query=&pageid=7 HTTP/1.1" 200 7218
[17/Jun/2017 18:22:42] "GET /view_images?id=16012 HTTP/1.1" 301 0
[17/Jun/2017 18:22:42] "GET /view_images/?id=16012 HTTP/1.1" 200 6001
[17/Jun/2017 18:22:50] "GET /view_images?id=16009 HTTP/1.1" 301 0
[17/Jun/2017 18:22:50] "GET /view_images/?id=16009 HTTP/1.1" 200 9243
[17/Jun/2017 18:23:07] "GET /view_images?id=16008 HTTP/1.1" 301 0
[17/Jun/2017 18:23:07] "GET /view_images/?id=16008 HTTP/1.1" 200 8901
[17/Jun/2017 18:23:17] "GET /query_images/?query=&pageid=8 HTTP/1.1" 200 6830
[17/Jun/2017 18:23:25] "GET /view_images?id=15984 HTTP/1.1" 301 0
[17/Jun/2017 18:23:25] "GET /view_images/?id=15984 HTTP/1.1" 200 6255
[17/Jun/2017 18:23:34] "GET /query_images/?query=&pageid=9 HTTP/1.1" 200 6819
[17/Jun/2017 18:23:39] "GET /view_images?id=15983 HTTP/1.1" 301 0
[17/Jun/2017 18:23:39] "GET /view_images/?id=15983 HTTP/1.1" 200 7845
[17/Jun/2017 18:23:52] "GET /query_images/?query=&pageid=9 HTTP/1.1" 200 6819
[17/Jun/2017 18:23:56] "GET /view_images?id=15981 HTTP/1.1" 301 0
[17/Jun/2017 18:23:56] "GET /view_images/?id=15981 HTTP/1.1" 200 7619
[17/Jun/2017 18:24:13] "GET /view_images?id=15980 HTTP/1.1" 301 0
[17/Jun/2017 18:24:13] "GET /view_images/?id=15980 HTTP/1.1" 200 7073
[17/Jun/2017 18:24:25] "GET /query_images/?query=&pageid=9 HTTP/1.1" 200 6819
[17/Jun/2017 18:24:28] "GET /view_images?id=15969 HTTP/1.1" 301 0
[17/Jun/2017 18:24:28] "GET /view_images/?id=15969 HTTP/1.1" 200 7835
[17/Jun/2017 18:24:42] "GET /view_images?id=15948 HTTP/1.1" 301 0
[17/Jun/2017 18:24:42] "GET /view_images/?id=15948 HTTP/1.1" 200 4974
[17/Jun/2017 18:24:46] "GET /view_images?id=15949 HTTP/1.1" 301 0
[17/Jun/2017 18:24:46] "GET /view_images/?id=15949 HTTP/1.1" 200 7997
[17/Jun/2017 18:24:53] "GET /view_images?id=15947 HTTP/1.1" 301 0
[17/Jun/2017 18:24:53] "GET /view_images/?id=15947 HTTP/1.1" 200 13689
[17/Jun/2017 18:25:10] "GET /query_images/?query=%E5%A5%B3%E8%80%81%E5%B8%88 HTTP/1.1" 200 3898
[17/Jun/2017 18:25:14] "GET /view_images?id=7206 HTTP/1.1" 301 0
[17/Jun/2017 18:25:14] "GET /view_images/?id=7206 HTTP/1.1" 200 4573
[17/Jun/2017 18:25:20] "GET /view_images?id=3209 HTTP/1.1" 301 0
[17/Jun/2017 18:25:21] "GET /view_images/?id=3209 HTTP/1.1" 200 8402
[17/Jun/2017 18:25:30] "GET /query_images/?query=%E8%80%81%E5%B8%88 HTTP/1.1" 200 6823
[17/Jun/2017 18:25:39] "GET /query_images/?query=&pageid=10 HTTP/1.1" 200 6779
[17/Jun/2017 18:25:50] "GET /query_images/?query=&pageid=11 HTTP/1.1" 200 6826
[17/Jun/2017 18:26:04] "GET /query_images/?query=&pageid=12 HTTP/1.1" 200 7179
[17/Jun/2017 18:26:12] "GET /view_images?id=15859 HTTP/1.1" 301 0
[17/Jun/2017 18:26:13] "GET /view_images/?id=15859 HTTP/1.1" 200 6891
[17/Jun/2017 18:26:28] "GET /view_images?id=15884 HTTP/1.1" 301 0
[17/Jun/2017 18:26:28] "GET /view_images/?id=15884 HTTP/1.1" 200 7625
[17/Jun/2017 18:26:37] "GET /query_images/?query=&pageid=13 HTTP/1.1" 200 7289
[17/Jun/2017 18:26:48] "GET /view_images?id=15831 HTTP/1.1" 301 0
[17/Jun/2017 18:26:48] "GET /view_images/?id=15831 HTTP/1.1" 200 5935
[17/Jun/2017 18:26:54] "GET /query_images/?query=&pageid=14 HTTP/1.1" 200 7351
[17/Jun/2017 18:27:03] "GET /view_images?id=15816 HTTP/1.1" 301 0
[17/Jun/2017 18:27:03] "GET /view_images/?id=15816 HTTP/1.1" 200 8845
[17/Jun/2017 18:27:18] "GET /view_images?id=15807 HTTP/1.1" 301 0
[17/Jun/2017 18:27:18] "GET /view_images/?id=15807 HTTP/1.1" 200 6375
[17/Jun/2017 18:27:29] "GET /query_images/?query=&pageid=15 HTTP/1.1" 200 7144
[17/Jun/2017 18:27:47] "GET /query_images/?query=&pageid=16 HTTP/1.1" 200 7048
[17/Jun/2017 18:27:52] "GET /view_images?id=15768 HTTP/1.1" 301 0
[17/Jun/2017 18:27:52] "GET /view_images/?id=15768 HTTP/1.1" 200 10493
[17/Jun/2017 18:28:01] "GET /view_images?id=15762 HTTP/1.1" 301 0
[17/Jun/2017 18:28:01] "GET /view_images/?id=15762 HTTP/1.1" 200 7261
[17/Jun/2017 18:28:11] "GET /query_images/?query=&pageid=17 HTTP/1.1" 200 7259
[17/Jun/2017 18:28:13] "GET /view_images?id=15746 HTTP/1.1" 301 0
[17/Jun/2017 18:28:13] "GET /view_images/?id=15746 HTTP/1.1" 200 7373
[17/Jun/2017 18:28:21] "GET /view_images?id=15745 HTTP/1.1" 301 0
[17/Jun/2017 18:28:21] "GET /view_images/?id=15745 HTTP/1.1" 200 6355
[17/Jun/2017 18:28:24] "GET /view_images?id=15743 HTTP/1.1" 301 0
[17/Jun/2017 18:28:24] "GET /view_images/?id=15743 HTTP/1.1" 200 16507
[17/Jun/2017 18:28:32] "GET /view_images?id=15742 HTTP/1.1" 301 0
[17/Jun/2017 18:28:33] "GET /view_images/?id=15742 HTTP/1.1" 200 16113
[17/Jun/2017 18:29:05] "GET /view_images?id=15741 HTTP/1.1" 301 0
[17/Jun/2017 18:29:05] "GET /view_images/?id=15741 HTTP/1.1" 200 15665
[17/Jun/2017 18:29:19] "GET /view_images?id=15723 HTTP/1.1" 301 0
[17/Jun/2017 18:29:19] "GET /view_images/?id=15723 HTTP/1.1" 200 19505
[17/Jun/2017 18:29:24] "GET /view_images?id=15721 HTTP/1.1" 301 0
[17/Jun/2017 18:29:24] "GET /view_images/?id=15721 HTTP/1.1" 200 8217
[17/Jun/2017 18:29:38] "GET /view_images?id=15720 HTTP/1.1" 301 0
[17/Jun/2017 18:29:38] "GET /view_images/?id=15720 HTTP/1.1" 200 7103
[17/Jun/2017 18:29:41] "GET /view_images?id=15719 HTTP/1.1" 301 0
[17/Jun/2017 18:29:41] "GET /view_images/?id=15719 HTTP/1.1" 200 8405
[17/Jun/2017 18:29:43] "GET /view_images?id=15718 HTTP/1.1" 301 0
[17/Jun/2017 18:29:43] "GET /view_images/?id=15718 HTTP/1.1" 200 9587
[17/Jun/2017 18:33:07] "GET /view_images?id=15815 HTTP/1.1" 301 0
[17/Jun/2017 18:33:07] "GET /view_images/?id=15815 HTTP/1.1" 200 7235
[17/Jun/2017 18:33:21] "GET /view_images?id=15814 HTTP/1.1" 301 0
[17/Jun/2017 18:33:21] "GET /view_images/?id=15814 HTTP/1.1" 200 6741
[17/Jun/2017 18:33:25] "GET /view_images?id=15811 HTTP/1.1" 301 0
[17/Jun/2017 18:33:25] "GET /view_images/?id=15811 HTTP/1.1" 200 8617
[17/Jun/2017 18:33:30] "GET /view_images?id=15810 HTTP/1.1" 301 0
[17/Jun/2017 18:33:30] "GET /view_images/?id=15810 HTTP/1.1" 200 9529
[17/Jun/2017 18:33:32] "GET /view_images?id=15809 HTTP/1.1" 301 0
[17/Jun/2017 18:33:32] "GET /view_images/?id=15809 HTTP/1.1" 200 7397
[17/Jun/2017 18:33:33] "GET /view_images?id=15808 HTTP/1.1" 301 0
[17/Jun/2017 18:33:33] "GET /view_images/?id=15808 HTTP/1.1" 200 6911
[17/Jun/2017 18:34:15] "GET /view_images/?id=15723 HTTP/1.1" 200 19505
[17/Jun/2017 18:34:25] "GET /view_images?id=15727 HTTP/1.1" 301 0
[17/Jun/2017 18:34:25] "GET /view_images/?id=15727 HTTP/1.1" 200 8727
[17/Jun/2017 18:34:41] "GET /query_images/?query=&pageid=18 HTTP/1.1" 200 7217
[17/Jun/2017 18:34:47] "GET /view_images?id=15701 HTTP/1.1" 301 0
[17/Jun/2017 18:34:47] "GET /view_images/?id=15701 HTTP/1.1" 200 6449
[17/Jun/2017 18:34:59] "GET /view_images?id=15699 HTTP/1.1" 301 0
[17/Jun/2017 18:34:59] "GET /view_images/?id=15699 HTTP/1.1" 200 8711
[17/Jun/2017 18:35:06] "GET /query_images/?query=&pageid=19 HTTP/1.1" 200 6787
[17/Jun/2017 18:35:10] "GET /view_images?id=15690 HTTP/1.1" 301 0
[17/Jun/2017 18:35:10] "GET /view_images/?id=15690 HTTP/1.1" 200 8789
[17/Jun/2017 18:35:45] "GET /query_images/?query=&pageid=20 HTTP/1.1" 200 7154
[17/Jun/2017 18:35:56] "GET /view_images?id=15645 HTTP/1.1" 301 0
[17/Jun/2017 18:35:56] "GET /view_images/?id=15645 HTTP/1.1" 200 7979
[17/Jun/2017 18:36:07] "GET /query_images/?query=&pageid=21 HTTP/1.1" 200 6990
[17/Jun/2017 18:36:10] "GET /view_images?id=15642 HTTP/1.1" 301 0
[17/Jun/2017 18:36:10] "GET /view_images/?id=15642 HTTP/1.1" 200 8591
[17/Jun/2017 18:36:59] "GET /query_images/?query=%E7%86%9F%E5%A6%87+%E7%86%9F%E5%A5%B3+30+40+%E5%B0%91%E5%A6%87 HTTP/1.1" 200 6823
[17/Jun/2017 18:37:07] "GET /query_images/?query=%E7%86%9F%E5%A6%87%20%E7%86%9F%E5%A5%B3%2030%2040%20%E5%B0%91%E5%A6%87&pageid=2 HTTP/1.1" 200 7301
[17/Jun/2017 18:37:14] "GET /view_images?id=15583 HTTP/1.1" 301 0
[17/Jun/2017 18:37:14] "GET /view_images/?id=15583 HTTP/1.1" 200 10809
[17/Jun/2017 18:37:32] "GET /query_images?type=like HTTP/1.1" 301 0
[17/Jun/2017 18:37:32] "GET /query_images/?type=like HTTP/1.1" 200 6544
[17/Jun/2017 18:37:35] "GET /query_images/?type=like HTTP/1.1" 200 6544
[17/Jun/2017 18:37:35] "GET /static/js/bootstrap.min.js HTTP/1.1" 200 37045
[17/Jun/2017 18:37:35] "GET /static/js/jquery.js HTTP/1.1" 200 282766
[17/Jun/2017 18:37:44] "GET /query_images/?query=%E9%9C%B2%E8%84%B8 HTTP/1.1" 200 7080
[17/Jun/2017 18:37:52] "GET /view_images?id=14596 HTTP/1.1" 301 0
[17/Jun/2017 18:37:52] "GET /view_images/?id=14596 HTTP/1.1" 200 10929
[17/Jun/2017 18:38:04] "GET /view_images?id=14637 HTTP/1.1" 301 0
[17/Jun/2017 18:38:05] "GET /view_images/?id=14637 HTTP/1.1" 200 7697
[17/Jun/2017 18:38:21] "GET /view_images?id=15243 HTTP/1.1" 301 0
[17/Jun/2017 18:38:21] "GET /view_images/?id=15243 HTTP/1.1" 200 7805
[17/Jun/2017 18:39:15] "GET /view_images?id=15967 HTTP/1.1" 301 0
[17/Jun/2017 18:39:15] "GET /view_images/?id=15967 HTTP/1.1" 200 4842
[17/Jun/2017 18:39:24] "GET /view_images?id=15966 HTTP/1.1" 301 0
[17/Jun/2017 18:39:24] "GET /view_images/?id=15966 HTTP/1.1" 200 4585
[17/Jun/2017 18:39:26] "GET /view_images?id=15963 HTTP/1.1" 301 0
[17/Jun/2017 18:39:26] "GET /view_images/?id=15963 HTTP/1.1" 200 7727
[17/Jun/2017 18:39:36] "GET /view_images?id=15962 HTTP/1.1" 301 0
[17/Jun/2017 18:39:36] "GET /view_images/?id=15962 HTTP/1.1" 200 7793
[17/Jun/2017 18:39:44] "GET /view_images?id=15961 HTTP/1.1" 301 0
[17/Jun/2017 18:39:44] "GET /view_images/?id=15961 HTTP/1.1" 200 6431
[17/Jun/2017 18:39:46] "GET /view_images?id=15960 HTTP/1.1" 301 0
[17/Jun/2017 18:39:46] "GET /view_images/?id=15960 HTTP/1.1" 200 27101
[17/Jun/2017 18:40:56] "GET /view_images?id=15600 HTTP/1.1" 301 0
[17/Jun/2017 18:40:56] "GET /view_images/?id=15600 HTTP/1.1" 200 7233
[17/Jun/2017 18:41:02] "GET /view_images?id=15601 HTTP/1.1" 301 0
[17/Jun/2017 18:41:02] "GET /view_images/?id=15601 HTTP/1.1" 200 7691
[17/Jun/2017 18:41:15] "GET /view_images/?id=15600 HTTP/1.1" 200 7233
[17/Jun/2017 18:41:22] "GET /view_images?id=15599 HTTP/1.1" 301 0
[17/Jun/2017 18:41:22] "GET /view_images/?id=15599 HTTP/1.1" 200 7223
[17/Jun/2017 18:41:27] "GET /view_images?id=15598 HTTP/1.1" 301 0
[17/Jun/2017 18:41:27] "GET /view_images/?id=15598 HTTP/1.1" 200 6901
[17/Jun/2017 18:41:34] "GET /view_images?id=15597 HTTP/1.1" 301 0
[17/Jun/2017 18:41:34] "GET /view_images/?id=15597 HTTP/1.1" 200 5019
[17/Jun/2017 18:41:36] "GET /view_images?id=15596 HTTP/1.1" 301 0
[17/Jun/2017 18:41:36] "GET /view_images/?id=15596 HTTP/1.1" 200 9333
[17/Jun/2017 18:41:40] "GET /view_images?id=15595 HTTP/1.1" 301 0
[17/Jun/2017 18:41:40] "GET /view_images/?id=15595 HTTP/1.1" 200 10505
[17/Jun/2017 18:41:50] "GET /view_images?id=15594 HTTP/1.1" 301 0
[17/Jun/2017 18:41:50] "GET /view_images/?id=15594 HTTP/1.1" 200 8605
[17/Jun/2017 18:41:52] "GET /view_images?id=15593 HTTP/1.1" 301 0
[17/Jun/2017 18:41:52] "GET /view_images/?id=15593 HTTP/1.1" 200 7941
[17/Jun/2017 18:41:54] "GET /view_images?id=15592 HTTP/1.1" 301 0
[17/Jun/2017 18:41:54] "GET /view_images/?id=15592 HTTP/1.1" 200 6263
[17/Jun/2017 18:41:59] "GET /view_images?id=15591 HTTP/1.1" 301 0
[17/Jun/2017 18:41:59] "GET /view_images/?id=15591 HTTP/1.1" 200 6243
[17/Jun/2017 18:42:11] "GET /view_images?id=15589 HTTP/1.1" 301 0
[17/Jun/2017 18:42:11] "GET /view_images/?id=15589 HTTP/1.1" 200 6559
[17/Jun/2017 18:42:12] "GET /view_images/?id=15591 HTTP/1.1" 200 6243
[17/Jun/2017 18:42:14] "GET /view_images?id=15588 HTTP/1.1" 301 0
[17/Jun/2017 18:42:14] "GET /view_images/?id=15588 HTTP/1.1" 200 6287
[17/Jun/2017 18:42:17] "GET /view_images?id=15587 HTTP/1.1" 301 0
[17/Jun/2017 18:42:17] "GET /view_images/?id=15587 HTTP/1.1" 200 7861
[17/Jun/2017 18:42:22] "GET /view_images?id=15586 HTTP/1.1" 301 0
[17/Jun/2017 18:42:22] "GET /view_images/?id=15586 HTTP/1.1" 200 10599
[17/Jun/2017 18:42:26] "GET /view_images?id=15585 HTTP/1.1" 301 0
[17/Jun/2017 18:42:26] "GET /view_images/?id=15585 HTTP/1.1" 200 8629
[17/Jun/2017 18:42:32] "GET /view_images?id=15584 HTTP/1.1" 301 0
[17/Jun/2017 18:42:32] "GET /view_images/?id=15584 HTTP/1.1" 200 12473
[17/Jun/2017 18:42:37] "GET /view_images?id=15583 HTTP/1.1" 301 0
[17/Jun/2017 18:42:37] "GET /view_images/?id=15583 HTTP/1.1" 200 10809
[17/Jun/2017 18:42:43] "GET /view_images?id=15582 HTTP/1.1" 301 0
[17/Jun/2017 18:42:43] "GET /view_images/?id=15582 HTTP/1.1" 200 24263
[17/Jun/2017 18:42:50] "GET /query_images/?query=%E7%86%9F%E5%A6%87%20%E7%86%9F%E5%A5%B3%2030%2040%20%E5%B0%91%E5%A6%87&pageid=3 HTTP/1.1" 200 7056
[17/Jun/2017 18:42:52] "GET /view_images?id=15548 HTTP/1.1" 301 0
[17/Jun/2017 18:42:52] "GET /view_images/?id=15548 HTTP/1.1" 200 7459
[17/Jun/2017 18:43:09] "GET /view_images?id=15549 HTTP/1.1" 301 0
[17/Jun/2017 18:43:09] "GET /view_images/?id=15549 HTTP/1.1" 200 6771
[17/Jun/2017 18:43:14] "GET /view_images?id=15550 HTTP/1.1" 301 0
[17/Jun/2017 18:43:14] "GET /view_images/?id=15550 HTTP/1.1" 200 7979
[17/Jun/2017 18:43:16] "GET /view_images?id=15551 HTTP/1.1" 301 0
[17/Jun/2017 18:43:16] "GET /view_images/?id=15551 HTTP/1.1" 200 7801
[17/Jun/2017 18:43:18] "GET /view_images?id=15552 HTTP/1.1" 301 0
[17/Jun/2017 18:43:18] "GET /view_images/?id=15552 HTTP/1.1" 200 8317
[17/Jun/2017 18:43:25] "GET /view_images?id=15553 HTTP/1.1" 301 0
[17/Jun/2017 18:43:25] "GET /view_images/?id=15553 HTTP/1.1" 200 6949
[17/Jun/2017 18:43:37] "GET /view_images?id=15445 HTTP/1.1" 301 0
[17/Jun/2017 18:43:37] "GET /view_images/?id=15445 HTTP/1.1" 200 7897
[17/Jun/2017 18:43:49] "GET /view_images?id=15368 HTTP/1.1" 301 0
[17/Jun/2017 18:43:49] "GET /view_images/?id=15368 HTTP/1.1" 200 7235
[17/Jun/2017 18:44:05] "GET /view_images?id=15367 HTTP/1.1" 301 0
[17/Jun/2017 18:44:05] "GET /view_images/?id=15367 HTTP/1.1" 200 7631
[17/Jun/2017 18:44:06] "GET /view_images?id=15366 HTTP/1.1" 301 0
[17/Jun/2017 18:44:06] "GET /view_images/?id=15366 HTTP/1.1" 200 7877
[17/Jun/2017 18:44:10] "GET /view_images?id=15365 HTTP/1.1" 301 0
[17/Jun/2017 18:44:10] "GET /view_images/?id=15365 HTTP/1.1" 200 6647
[17/Jun/2017 18:44:20] "GET /view_images?id=15364 HTTP/1.1" 301 0
[17/Jun/2017 18:44:20] "GET /view_images/?id=15364 HTTP/1.1" 200 7551
[17/Jun/2017 18:44:22] "GET /view_images?id=15363 HTTP/1.1" 301 0
[17/Jun/2017 18:44:22] "GET /view_images/?id=15363 HTTP/1.1" 200 9671
[17/Jun/2017 18:44:34] "GET /query_images/?query=%E7%86%9F%E5%A6%87%20%E7%86%9F%E5%A5%B3%2030%2040%20%E5%B0%91%E5%A6%87&pageid=4 HTTP/1.1" 200 7083
[17/Jun/2017 18:44:37] "GET /view_images?id=15269 HTTP/1.1" 301 0
[17/Jun/2017 18:44:37] "GET /view_images/?id=15269 HTTP/1.1" 200 8449
[17/Jun/2017 18:44:51] "GET /view_images?id=15245 HTTP/1.1" 301 0
[17/Jun/2017 18:44:51] "GET /view_images/?id=15245 HTTP/1.1" 200 6509
[17/Jun/2017 18:45:03] "GET /query_images/?query=%E7%86%9F%E5%A6%87%20%E7%86%9F%E5%A5%B3%2030%2040%20%E5%B0%91%E5%A6%87&pageid=5 HTTP/1.1" 200 6943
[17/Jun/2017 18:45:09] "GET /view_images?id=15052 HTTP/1.1" 301 0
[17/Jun/2017 18:45:09] "GET /view_images/?id=15052 HTTP/1.1" 200 12845
[17/Jun/2017 18:45:15] "GET /query_images/?query=%E7%86%9F%E5%A6%87%20%E7%86%9F%E5%A5%B3%2030%2040%20%E5%B0%91%E5%A6%87&pageid=5 HTTP/1.1" 200 6943
[17/Jun/2017 18:45:24] "GET /query_images/?query=%E7%86%9F%E5%A6%87%20%E7%86%9F%E5%A5%B3%2030%2040%20%E5%B0%91%E5%A6%87&pageid=6 HTTP/1.1" 200 6923
[17/Jun/2017 18:45:28] "GET /view_images?id=14731 HTTP/1.1" 301 0
[17/Jun/2017 18:45:28] "GET /view_images/?id=14731 HTTP/1.1" 200 7791
[17/Jun/2017 18:45:51] "GET /query_images/?query=%E7%86%9F%E5%A6%87%20%E7%86%9F%E5%A5%B3%2030%2040%20%E5%B0%91%E5%A6%87&pageid=7 HTTP/1.1" 200 7121
[17/Jun/2017 18:45:57] "GET /view_images?id=14480 HTTP/1.1" 301 0
[17/Jun/2017 18:45:57] "GET /view_images/?id=14480 HTTP/1.1" 200 11689
[17/Jun/2017 18:46:11] "GET /query_images/?query=%E7%86%9F%E5%A6%87%20%E7%86%9F%E5%A5%B3%2030%2040%20%E5%B0%91%E5%A6%87&pageid=8 HTTP/1.1" 200 6948
[17/Jun/2017 18:46:13] "GET /view_images?id=14345 HTTP/1.1" 301 0
[17/Jun/2017 18:46:13] "GET /view_images/?id=14345 HTTP/1.1" 200 13649
[17/Jun/2017 18:46:30] "GET /view_images?id=14346 HTTP/1.1" 301 0
[17/Jun/2017 18:46:31] "GET /view_images/?id=14346 HTTP/1.1" 200 7181
[17/Jun/2017 18:46:41] "GET /query_images/?query=%E7%86%9F%E5%A6%87%20%E7%86%9F%E5%A5%B3%2030%2040%20%E5%B0%91%E5%A6%87&pageid=9 HTTP/1.1" 200 6736
[17/Jun/2017 18:46:45] "GET /view_images?id=14405 HTTP/1.1" 301 0
[17/Jun/2017 18:46:45] "GET /view_images/?id=14405 HTTP/1.1" 200 6407
[17/Jun/2017 18:46:59] "GET /view_images/?id=15368 HTTP/1.1" 200 7235
[17/Jun/2017 18:47:15] "GET /view_images?id=15806 HTTP/1.1" 301 0
[17/Jun/2017 18:47:15] "GET /view_images/?id=15806 HTTP/1.1" 200 8949
[17/Jun/2017 18:47:25] "GET /view_images?id=15805 HTTP/1.1" 301 0
[17/Jun/2017 18:47:26] "GET /view_images/?id=15805 HTTP/1.1" 200 8407
[17/Jun/2017 18:47:29] "GET /view_images?id=15804 HTTP/1.1" 301 0
[17/Jun/2017 18:47:29] "GET /view_images/?id=15804 HTTP/1.1" 200 6537
[17/Jun/2017 18:47:30] "GET /view_images?id=15803 HTTP/1.1" 301 0
[17/Jun/2017 18:47:30] "GET /view_images/?id=15803 HTTP/1.1" 200 6617
[17/Jun/2017 18:47:31] "GET /view_images?id=15802 HTTP/1.1" 301 0
[17/Jun/2017 18:47:31] "GET /view_images/?id=15802 HTTP/1.1" 200 8621
[17/Jun/2017 18:47:47] "GET /view_images?id=15801 HTTP/1.1" 301 0
[17/Jun/2017 18:47:47] "GET /view_images/?id=15801 HTTP/1.1" 200 9579
[17/Jun/2017 18:47:49] "GET /view_images?id=15800 HTTP/1.1" 301 0
[17/Jun/2017 18:47:50] "GET /view_images/?id=15800 HTTP/1.1" 200 21995
[17/Jun/2017 18:47:53] "GET /view_images?id=15799 HTTP/1.1" 301 0
[17/Jun/2017 18:47:53] "GET /view_images/?id=15799 HTTP/1.1" 200 20647
[17/Jun/2017 18:47:54] "GET /view_images?id=15798 HTTP/1.1" 301 0
[17/Jun/2017 18:47:54] "GET /view_images/?id=15798 HTTP/1.1" 200 7725
[17/Jun/2017 18:47:57] "GET /view_images?id=15797 HTTP/1.1" 301 0
[17/Jun/2017 18:47:57] "GET /view_images/?id=15797 HTTP/1.1" 200 7093
[17/Jun/2017 18:48:02] "GET /view_images?id=15796 HTTP/1.1" 301 0
[17/Jun/2017 18:48:02] "GET /view_images/?id=15796 HTTP/1.1" 200 10111
[17/Jun/2017 18:48:03] "GET /view_images?id=15795 HTTP/1.1" 301 0
[17/Jun/2017 18:48:03] "GET /view_images/?id=15795 HTTP/1.1" 200 6775
[17/Jun/2017 18:48:20] "GET /view_images?id=15794 HTTP/1.1" 301 0
[17/Jun/2017 18:48:20] "GET /view_images/?id=15794 HTTP/1.1" 200 6477
[17/Jun/2017 18:48:22] "GET /view_images?id=15793 HTTP/1.1" 301 0
[17/Jun/2017 18:48:22] "GET /view_images/?id=15793 HTTP/1.1" 200 8935
[17/Jun/2017 18:48:36] "GET /view_images?id=15792 HTTP/1.1" 301 0
[17/Jun/2017 18:48:36] "GET /view_images/?id=15792 HTTP/1.1" 200 9543
[17/Jun/2017 18:48:38] "GET /view_images?id=15791 HTTP/1.1" 301 0
[17/Jun/2017 18:48:38] "GET /view_images/?id=15791 HTTP/1.1" 200 6437
[17/Jun/2017 18:48:39] "GET /view_images?id=15790 HTTP/1.1" 301 0
[17/Jun/2017 18:48:39] "GET /view_images/?id=15790 HTTP/1.1" 200 12663
[17/Jun/2017 18:48:42] "GET /view_images?id=15789 HTTP/1.1" 301 0
[17/Jun/2017 18:48:42] "GET /view_images/?id=15789 HTTP/1.1" 200 6743
[17/Jun/2017 18:48:42] "GET /view_images?id=15788 HTTP/1.1" 301 0
[17/Jun/2017 18:48:42] "GET /view_images/?id=15788 HTTP/1.1" 200 8053
[17/Jun/2017 18:48:44] "GET /view_images?id=15787 HTTP/1.1" 301 0
[17/Jun/2017 18:48:44] "GET /view_images/?id=15787 HTTP/1.1" 200 11129
[17/Jun/2017 18:48:46] "GET /view_images?id=15786 HTTP/1.1" 301 0
[17/Jun/2017 18:48:46] "GET /view_images/?id=15786 HTTP/1.1" 200 7223
[17/Jun/2017 18:48:48] "GET /view_images?id=15785 HTTP/1.1" 301 0
[17/Jun/2017 18:48:48] "GET /view_images/?id=15785 HTTP/1.1" 200 6455
[17/Jun/2017 18:48:49] "GET /view_images?id=15784 HTTP/1.1" 301 0
[17/Jun/2017 18:48:49] "GET /view_images/?id=15784 HTTP/1.1" 200 8781
[17/Jun/2017 18:48:51] "GET /view_images?id=15783 HTTP/1.1" 301 0
[17/Jun/2017 18:48:51] "GET /view_images/?id=15783 HTTP/1.1" 200 4586
[17/Jun/2017 18:48:53] "GET /view_images?id=15782 HTTP/1.1" 301 0
[17/Jun/2017 18:48:53] "GET /view_images/?id=15782 HTTP/1.1" 200 8489
[17/Jun/2017 18:48:58] "GET /view_images?id=15781 HTTP/1.1" 301 0
[17/Jun/2017 18:48:58] "GET /view_images/?id=15781 HTTP/1.1" 200 8483
[17/Jun/2017 18:49:07] "GET /view_images/?id=15948 HTTP/1.1" 200 4974
[17/Jun/2017 18:49:12] "GET /view_images/?id=15947 HTTP/1.1" 200 13689
[17/Jun/2017 18:49:34] "GET /view_images?id=15948 HTTP/1.1" 301 0
[17/Jun/2017 18:49:34] "GET /view_images/?id=15948 HTTP/1.1" 200 4974
[17/Jun/2017 18:49:38] "GET /view_images?id=15949 HTTP/1.1" 301 0
[17/Jun/2017 18:49:38] "GET /view_images/?id=15949 HTTP/1.1" 200 7997
[17/Jun/2017 18:49:40] "GET /view_images?id=15950 HTTP/1.1" 301 0
[17/Jun/2017 18:49:41] "GET /view_images/?id=15950 HTTP/1.1" 200 6933
[17/Jun/2017 18:49:42] "GET /view_images?id=15951 HTTP/1.1" 301 0
[17/Jun/2017 18:49:42] "GET /view_images/?id=15951 HTTP/1.1" 200 5006
[17/Jun/2017 18:49:43] "GET /view_images?id=15954 HTTP/1.1" 301 0
[17/Jun/2017 18:49:43] "GET /view_images/?id=15954 HTTP/1.1" 200 6261
[17/Jun/2017 18:49:50] "GET /view_images?id=15955 HTTP/1.1" 301 0
[17/Jun/2017 18:49:50] "GET /view_images/?id=15955 HTTP/1.1" 200 5177
[17/Jun/2017 18:49:51] "GET /view_images?id=15956 HTTP/1.1" 301 0
[17/Jun/2017 18:49:52] "GET /view_images/?id=15956 HTTP/1.1" 200 9129
[17/Jun/2017 18:49:53] "GET /view_images?id=15957 HTTP/1.1" 301 0
[17/Jun/2017 18:49:53] "GET /view_images/?id=15957 HTTP/1.1" 200 4634
[17/Jun/2017 18:49:55] "GET /view_images?id=15959 HTTP/1.1" 301 0
[17/Jun/2017 18:49:55] "GET /view_images/?id=15959 HTTP/1.1" 200 6937
[17/Jun/2017 18:49:56] "GET /view_images?id=15960 HTTP/1.1" 301 0
[17/Jun/2017 18:49:56] "GET /view_images/?id=15960 HTTP/1.1" 200 27101
[17/Jun/2017 18:49:59] "GET /view_images?id=15961 HTTP/1.1" 301 0
[17/Jun/2017 18:49:59] "GET /view_images/?id=15961 HTTP/1.1" 200 6431
[17/Jun/2017 18:50:00] "GET /view_images?id=15962 HTTP/1.1" 301 0
[17/Jun/2017 18:50:00] "GET /view_images/?id=15962 HTTP/1.1" 200 7793
[17/Jun/2017 18:50:01] "GET /view_images/?id=15963 HTTP/1.1" 200 7727
[17/Jun/2017 18:50:03] "GET /view_images?id=15966 HTTP/1.1" 301 0
[17/Jun/2017 18:50:03] "GET /view_images/?id=15966 HTTP/1.1" 200 4585
[17/Jun/2017 18:50:04] "GET /view_images/?id=15967 HTTP/1.1" 200 4842
[17/Jun/2017 18:50:04] "GET /view_images/?id=15967 HTTP/1.1" 200 4842
[17/Jun/2017 18:50:05] "GET /view_images?id=15969 HTTP/1.1" 301 0
[17/Jun/2017 18:50:05] "GET /view_images/?id=15969 HTTP/1.1" 200 7835
[17/Jun/2017 18:50:37] "GET /view_images?id=15970 HTTP/1.1" 301 0
[17/Jun/2017 18:50:37] "GET /view_images/?id=15970 HTTP/1.1" 200 6971
[17/Jun/2017 18:50:47] "GET /view_images?id=15971 HTTP/1.1" 301 0
[17/Jun/2017 18:50:47] "GET /view_images/?id=15971 HTTP/1.1" 200 7099
[17/Jun/2017 18:50:59] "GET /view_images?id=15972 HTTP/1.1" 301 0
[17/Jun/2017 18:50:59] "GET /view_images/?id=15972 HTTP/1.1" 200 7291
[18/Jun/2017 05:36:28] "GET /view_images/?id=9998 HTTP/1.1" 200 7257
[18/Jun/2017 05:37:05] "GET /view_images/?id=13895 HTTP/1.1" 200 7441
